<?xml version="1.0" encoding="UTF-8"?>
<!-- Generated by org.testng.reporters.JUnitReportReporter -->
<testsuite hostname="Jeeva" failures="0" tests="1" name="CucumberOptions.TestRunner" time="13.478" errors="0" timestamp="2022-06-08T06:42:13 EDT" skipped="0">
  <testcase classname="CucumberOptions.TestRunner" name="runScenario" time="13.478"/>
  <system-out/>
</testsuite> <!-- CucumberOptions.TestRunner -->
