<?xml version="1.0" encoding="UTF-8"?>
<!-- Generated by org.testng.reporters.JUnitReportReporter -->
<testsuite hostname="Jeeva" failures="0" tests="2" name="CucumberOptions.TestRunner" time="30.675" errors="0" timestamp="2022-06-06T08:08:08 EDT" skipped="0">
  <testcase classname="CucumberOptions.TestRunner" name="runScenario" time="16.022"/>
  <system-out/>
  <testcase classname="CucumberOptions.TestRunner" name="runScenario" time="14.653"/>
  <system-out/>
</testsuite> <!-- CucumberOptions.TestRunner -->
